\BOOKMARK [0][-]{chapter.1}{\376\377\004\043\004\062\004\076\004\064}{}% 1
\BOOKMARK [0][-]{chapter.2}{\376\377\004\037\004\100\004\076\004\063\004\100\004\060\004\074\004\101\004\072\004\070\000\040\004\130\004\065\004\067\004\070\004\072\000\040\004\041\004\072\004\060\004\073\004\060}{}% 2
\BOOKMARK [1][-]{section.2.1}{\376\377\004\036\004\101\004\076\004\061\004\070\004\075\004\065\000\040\004\130\004\065\004\067\004\070\004\072\004\060\000\040\000S\000c\000a\000l\000a}{chapter.2}% 3
\BOOKMARK [1][-]{section.2.2}{\376\377\004\041\004\072\004\060\004\073\004\060\000\040\004\070\004\075\004\102\004\065\004\100\004\077\004\100\004\065\004\102\004\065\004\100}{chapter.2}% 4
\BOOKMARK [1][-]{section.2.3}{\376\377\004\042\004\070\004\077\004\076\004\062\004\070}{chapter.2}% 5
\BOOKMARK [1][-]{section.2.4}{\376\377\004\037\004\100\004\076\004\074\004\065\004\075\004\131\004\070\004\062\004\065}{chapter.2}% 6
\BOOKMARK [1][-]{section.2.5}{\376\377\004\032\004\076\004\075\004\102\004\100\004\076\004\073\004\060\000\040\004\102\004\076\004\072\004\060}{chapter.2}% 7
\BOOKMARK [1][-]{section.2.6}{\376\377\004\044\004\103\004\075\004\072\004\106\004\070\004\130\004\065}{chapter.2}% 8
\BOOKMARK [1][-]{section.2.7}{\376\377\004\036\004\061\004\130\004\065\004\072\004\102\004\075\000o\000\040\004\076\004\100\004\070\004\130\004\065\004\075\004\102\004\070\004\101\004\060\004\075\004\060\000\040\004\077\004\060\004\100\004\060\004\064\004\070\004\063\004\074\004\060}{chapter.2}% 9
\BOOKMARK [1][-]{section.2.8}{\376\377\004\041\004\072\004\060\004\073\004\060\000\040\004\072\004\076\004\073\004\065\004\072\004\106\004\070\004\130\004\065}{chapter.2}% 10
\BOOKMARK [1][-]{section.2.9}{\376\377\004\037\004\076\004\072\004\073\004\060\004\077\004\060\004\132\004\065\000\040\004\076\004\061\004\100\004\060\004\067\004\060\004\106\004\060}{chapter.2}% 11
\BOOKMARK [0][-]{chapter.3}{\376\377\004\024\004\070\004\101\004\102\004\100\004\070\004\061\004\103\004\070\004\100\004\060\004\075\004\060\000\040\004\076\004\061\004\100\004\060\004\064\004\060\000\040\004\077\004\076\004\064\004\060\004\102\004\060\004\072\004\060}{}% 12
\BOOKMARK [1][-]{section.3.1}{\376\377\004\024\004\076\004\061\004\060\000\040\004\077\004\076\004\064\004\060\004\102\004\060\004\072\004\060}{chapter.3}% 13
\BOOKMARK [1][-]{section.3.2}{\376\377\004\041\004\072\004\060\004\073\004\070\004\100\004\060\004\132\004\065\000\040\004\101\004\070\004\101\004\102\004\065\004\074\004\060}{chapter.3}% 14
\BOOKMARK [1][-]{section.3.3}{\376\377\004\036\004\101\004\076\004\061\004\070\004\075\004\065\000\040\004\064\004\070\004\101\004\102\004\100\004\070\004\061\004\103\004\070\004\100\004\060\004\075\004\070\004\105\000\040\004\101\004\070\004\101\004\102\004\065\004\074\004\060}{chapter.3}% 15
\BOOKMARK [1][-]{section.3.4}{\376\377\004\041\004\070\004\101\004\102\004\065\004\074\000\040\000H\000a\000d\000o\000o\000p}{chapter.3}% 16
\BOOKMARK [1][-]{section.3.5}{\376\377\004\024\004\070\004\101\004\102\004\100\004\070\004\061\004\103\004\070\004\100\004\060\004\075\004\070\000\040\004\104\004\060\004\130\004\073\000\040\004\101\004\070\004\101\004\102\004\065\004\074\000\040\000H\000D\000F\000S}{chapter.3}% 17
\BOOKMARK [1][-]{section.3.6}{\376\377\004\037\004\060\004\100\004\060\004\064\004\070\004\063\004\074\004\060\000\040\000M\000a\000p\000R\000e\000d\000u\000c\000e}{chapter.3}% 18
\BOOKMARK [1][-]{section.3.7}{\376\377\004\036\004\101\004\102\004\060\004\073\004\065\000\040\004\072\004\076\004\074\004\077\004\076\004\075\004\065\004\075\004\102\004\065\000\040\000H\000a\000d\000o\000o\000p\000-\004\060}{chapter.3}% 19
\BOOKMARK [1][-]{section.3.8}{\376\377\004\037\004\100\004\065\004\063\004\076\004\062\004\060\004\100\004\060\004\107\000\040\004\100\004\065\004\101\004\103\004\100\004\101\004\060\000\040\000A\000p\000a\000c\000h\000e\000\040\000Y\000a\000r\000n}{chapter.3}% 20
\BOOKMARK [1][-]{section.3.9}{\376\377\004\020\004\073\004\060\004\102\000\040\000A\000p\000a\000c\000h\000e\000\040\000S\000p\000a\000r\000k}{chapter.3}% 21
\BOOKMARK [0][-]{chapter.4}{\376\377\004\041\004\072\004\103\004\077\000\040\004\077\004\076\004\064\004\060\004\102\004\060\004\072\004\060\000\040\000O\000p\000e\000n\000S\000t\000r\000e\000e\000t\000M\000a\000p}{}% 22
\BOOKMARK [1][-]{section.4.1}{\376\377\004\025\004\073\004\065\004\074\004\065\004\075\004\102\004\070}{chapter.4}% 23
\BOOKMARK [0][-]{chapter.5}{\376\377\000A\000p\000p}{}% 24
\BOOKMARK [1][-]{section.5.1}{\376\377\000O\000p\000i\000s}{chapter.5}% 25
\BOOKMARK [1][-]{section.5.2}{\376\377\000C\000l\000o\000u\000d}{chapter.5}% 26
\BOOKMARK [1][-]{section.5.3}{\376\377\000A\000r\000h\000i\000t\000e\000k\000t\000u\000r\000a\000\040\000a\000p\000l\000i\000k\000a\000c\000i\000j\000e}{chapter.5}% 27
\BOOKMARK [1][-]{section.5.4}{\376\377\004\037\004\076\004\064\004\060\004\106\004\070}{chapter.5}% 28
\BOOKMARK [1][-]{section.5.5}{\376\377\000O\000b\000r\000a\000d\000a\000\040\000O\000S\000M\000\040\000s\000k\000u\000p\000a\000\040\000S\000p\000a\000r\000k\000o\000m}{chapter.5}% 29
\BOOKMARK [1][-]{section.5.6}{\376\377\000P\000o\000l\000y\000C\000o\000n\000t\000a\000i\000n\000s}{chapter.5}% 30
\BOOKMARK [1][-]{section.5.7}{\376\377\000R\000e\000z\000u\000l\000t\000a\000t}{chapter.5}% 31
\BOOKMARK [0][-]{chapter.6}{\376\377\004\027\004\060\004\072\004\131\004\103\004\107\004\060\004\072}{}% 32
\BOOKMARK [0][-]{chapter*.43}{\376\377\004\021\004\070\004\061\004\073\004\070\004\076\004\063\004\100\004\060\004\104\004\070\004\130\004\060}{}% 33
